-------------------------------------------------------------------------------
Test set: CucumberOptions.TestRunner
-------------------------------------------------------------------------------
Tests run: 1, Failures: 0, Errors: 1, Skipped: 0, Time elapsed: 0.048 s <<< FAILURE! - in CucumberOptions.TestRunner
initializationError(CucumberOptions.TestRunner)  Time elapsed: 0.009 s  <<< ERROR!
cucumber.runtime.CucumberException: Couldn't load plugin class: com.cucumber.listener.ExtentCucumberFormatter. It does not implement cucumber.api.Plugin

