<?xml version="1.0" encoding="UTF-8"?>
<testsuite xmlns:xsi="http://www.w3.org/2001/XMLSchema-instance" xsi:noNamespaceSchemaLocation="https://maven.apache.org/surefire/maven-surefire-plugin/xsd/surefire-test-report.xsd" name="CucumberOptions.TestRunner" time="0.048" tests="1" errors="1" skipped="0" failures="0">
  <properties>
[...]
</properties>
  <testcase name="initializationError" classname="CucumberOptions.TestRunner" time="0.009">
    <error message="Couldn&apos;t load plugin class: com.cucumber.listener.ExtentCucumberFormatter. It does not implement cucumber.api.Plugin" type="cucumber.runtime.CucumberException">cucumber.runtime.CucumberException: Couldn't load plugin class: com.cucumber.listener.ExtentCucumberFormatter. It does not implement cucumber.api.Plugin
</error>
  </testcase>
</testsuite>